<?xml version="1.0" encoding="UTF-8"?>
<testsuite xmlns:xsi="http://www.w3.org/2001/XMLSchema-instance" xsi:noNamespaceSchemaLocation="https://maven.apache.org/surefire/maven-surefire-plugin/xsd/surefire-test-report-3.0.xsd" version="3.0" name="com.mypoeproject.progpoe_part1.Prog_UnitTest" time="0.072" tests="1" errors="0" skipped="0" failures="0">
  <properties>
[...]
</properties>
  <testcase name="testRegistrationValid" classname="com.mypoeproject.progpoe_part1.Prog_UnitTest" time="0.03">
    <system-out><![CDATA[Starting all tests...
Enter First Name: Enter Last Name:  
Username rules
Username must not be longer than 5 characters
Username must contain an underscore (_)
Enter username:  
Username successfully captured
Password rules
Password must at least eight characters long.
Password must contain a capital letter.
Password must contain a number.
Password must contain a special character. eg.!@#$%

Enter password:  
Password is successfully captured

Your international digit code should start with a '+'
Enter international digit code: 
Enter your cellphone number: +27
Cellphone number successfully added
]]></system-out>
  </testcase>
</testsuite>